<?xml version="1.0" encoding="UTF-8" ?>
<testsuite errors="0" failures="0" hostname="Vicente-PC" name="ValoresTest" skipped="0" tests="3" time="0.062" timestamp="2019-06-01T14:41:48">
  <properties>
    <property name="ant.project.invoked-targets" value="main" />
    <property name="java.runtime.name" value="Java(TM) SE Runtime Environment" />
    <property name="sun.boot.library.path" value="C:\Program Files\Java\jre1.8.0_151\bin" />
    <property name="java.vm.version" value="25.151-b12" />
    <property name="ant.library.dir" value="C:\Users\Vicente\Documents\eclipse-java-luna-SR2-win32-x86_64\eclipse\plugins\org.apache.ant_1.9.2.v201404171502\lib" />
    <property name="ant.version" value="Apache Ant(TM) version 1.9.2 compiled on July 8 2013" />
    <property name="ant.java.version" value="1.8" />
    <property name="java.vm.vendor" value="Oracle Corporation" />
    <property name="java.vendor.url" value="http://java.oracle.com/" />
    <property name="path.separator" value=";" />
    <property name="java.vm.name" value="Java HotSpot(TM) 64-Bit Server VM" />
    <property name="file.encoding.pkg" value="sun.io" />
    <property name="user.script" value="" />
    <property name="user.country" value="BR" />
    <property name="sun.java.launcher" value="SUN_STANDARD" />
    <property name="sun.os.patch.level" value="Service Pack 1" />
    <property name="java.vm.specification.name" value="Java Virtual Machine Specification" />
    <property name="user.dir" value="C:\Users\Vicente\workspace\IntegracaoContinua" />
    <property name="java.runtime.version" value="1.8.0_151-b12" />
    <property name="java.awt.graphicsenv" value="sun.awt.Win32GraphicsEnvironment" />
    <property name="basedir" value="C:\Users\Vicente\workspace\IntegracaoContinua" />
    <property name="java.endorsed.dirs" value="C:\Program Files\Java\jre1.8.0_151\lib\endorsed" />
    <property name="os.arch" value="amd64" />
    <property name="doc.dir" value="C:\Users\Vicente\workspace\IntegracaoContinua\doc" />
    <property name="ant.project.default-target" value="main" />
    <property name="java.io.tmpdir" value="C:\Users\Vicente\AppData\Local\Temp\" />
    <property name="ant.core.lib" value="C:\Users\Vicente\Documents\eclipse-java-luna-SR2-win32-x86_64\eclipse\plugins\org.apache.ant_1.9.2.v201404171502\lib\ant.jar" />
    <property name="line.separator" value="&#xd;&#xa;" />
    <property name="java.vm.specification.vendor" value="Oracle Corporation" />
    <property name="user.variant" value="" />
    <property name="os.name" value="Windows 7" />
    <property name="ant.home" value="C:\Users\Vicente\Documents\eclipse-java-luna-SR2-win32-x86_64\eclipse\plugins\org.apache.ant_1.9.2.v201404171502" />
    <property name="ant.file.posIntegracao" value="C:\Users\Vicente\workspace\IntegracaoContinua\build04.xml" />
    <property name="build.dir" value="C:\Users\Vicente\workspace\IntegracaoContinua\bin" />
    <property name="ant.project.name" value="posIntegracao" />
    <property name="sun.jnu.encoding" value="Cp1252" />
    <property name="java.library.path" value="C:\Program Files\Java\jre1.8.0_151\bin;C:\Windows\Sun\Java\bin;C:\Windows\system32;C:\Windows;C:/Program Files/Java/jre1.8.0_151/bin/server;C:/Program Files/Java/jre1.8.0_151/bin;C:/Program Files/Java/jre1.8.0_151/lib/amd64;C:\ProgramData\Oracle\Java\javapath;C:\Windows\system32;C:\Windows;C:\Windows\System32\Wbem;C:\Windows\System32\WindowsPowerShell\v1.0\;C:\Program Files (x86)\Skype\Phone\;F:\xampp\php;C:\ProgramData\ComposerSetup\bin;C:\Program Files\Java\jdk1.8.0_71\bin;C:\Users\Vicente\AppData\Roaming\Composer\vendor\bin;C:\Users\Vicente\Documents\eclipse-java-luna-SR2-win32-x86_64\eclipse;;." />
    <property name="java.class.version" value="52.0" />
    <property name="java.specification.name" value="Java Platform API Specification" />
    <property name="sun.management.compiler" value="HotSpot 64-Bit Tiered Compilers" />
    <property name="os.version" value="6.1" />
    <property name="ant.file" value="C:\Users\Vicente\workspace\IntegracaoContinua\build04.xml" />
    <property name="user.home" value="C:\Users\Vicente" />
    <property name="ant.file.type.posIntegracao" value="file" />
    <property name="user.timezone" value="" />
    <property name="java.awt.printerjob" value="sun.awt.windows.WPrinterJob" />
    <property name="java.specification.version" value="1.8" />
    <property name="file.encoding" value="Cp1252" />
    <property name="user.name" value="Vicente" />
    <property name="java.class.path" value="C:\Users\Vicente\workspace\IntegracaoContinua\bin;C:\Program Files\Java\jdk1.8.0_71\lib;C:\Program Files\Java\jdk1.8.0_71\lib\tools.jar;C:\Program Files\Java\jdk1.8.0_71\lib\dt.jar;C:\Users\Vicente\Documents\eclipse-java-luna-SR2-win32-x86_64\eclipse\plugins\org.junit_4.11.0.v201303080030\junit.jar;C:\Users\Vicente\Documents\eclipse-java-luna-SR2-win32-x86_64\eclipse\plugins\org.apache.ant_1.9.2.v201404171502\lib\ant-launcher.jar;C:\Users\Vicente\Documents\eclipse-java-luna-SR2-win32-x86_64\eclipse\plugins\org.apache.ant_1.9.2.v201404171502\lib\ant.jar;C:\Users\Vicente\Documents\eclipse-java-luna-SR2-win32-x86_64\eclipse\plugins\org.apache.ant_1.9.2.v201404171502\lib\ant-junit.jar;C:\Users\Vicente\Documents\eclipse-java-luna-SR2-win32-x86_64\eclipse\plugins\org.apache.ant_1.9.2.v201404171502\lib\ant-junit4.jar" />
    <property name="java.vm.specification.version" value="1.8" />
    <property name="sun.java.command" value="org.apache.tools.ant.taskdefs.optional.junit.JUnitTestRunner ValoresTest filtertrace=true haltOnError=false haltOnFailure=false formatter=org.apache.tools.ant.taskdefs.optional.junit.SummaryJUnitResultFormatter showoutput=false outputtoformatters=true logfailedtests=true logtestlistenerevents=false formatter=org.apache.tools.ant.taskdefs.optional.junit.PlainJUnitResultFormatter,C:\Users\Vicente\workspace\IntegracaoContinua\testreport\TEST-ValoresTest.txt formatter=org.apache.tools.ant.taskdefs.optional.junit.XMLJUnitResultFormatter,C:\Users\Vicente\workspace\IntegracaoContinua\testreport\TEST-ValoresTest.xml crashfile=C:\Users\Vicente\workspace\IntegracaoContinua\junitvmwatcher6018594790840032934.properties propsfile=C:\Users\Vicente\workspace\IntegracaoContinua\junit2184565676742934199.properties" />
    <property name="sun.arch.data.model" value="64" />
    <property name="java.home" value="C:\Program Files\Java\jre1.8.0_151" />
    <property name="java.specification.vendor" value="Oracle Corporation" />
    <property name="user.language" value="pt" />
    <property name="awt.toolkit" value="sun.awt.windows.WToolkit" />
    <property name="java.vm.info" value="mixed mode" />
    <property name="java.version" value="1.8.0_151" />
    <property name="java.ext.dirs" value="C:\Program Files\Java\jre1.8.0_151\lib\ext;C:\Windows\Sun\Java\lib\ext" />
    <property name="sun.boot.class.path" value="C:\Program Files\Java\jre1.8.0_151\lib\resources.jar;C:\Program Files\Java\jre1.8.0_151\lib\rt.jar;C:\Program Files\Java\jre1.8.0_151\lib\sunrsasign.jar;C:\Program Files\Java\jre1.8.0_151\lib\jsse.jar;C:\Program Files\Java\jre1.8.0_151\lib\jce.jar;C:\Program Files\Java\jre1.8.0_151\lib\charsets.jar;C:\Program Files\Java\jre1.8.0_151\lib\jfr.jar;C:\Program Files\Java\jre1.8.0_151\classes" />
    <property name="java.vendor" value="Oracle Corporation" />
    <property name="file.separator" value="\" />
    <property name="java.vendor.url.bug" value="http://bugreport.sun.com/bugreport/" />
    <property name="source.dir" value="C:\Users\Vicente\workspace\IntegracaoContinua\src" />
    <property name="sun.cpu.endian" value="little" />
    <property name="sun.io.unicode.encoding" value="UnicodeLittle" />
    <property name="sun.desktop" value="windows" />
    <property name="sun.cpu.isalist" value="amd64" />
  </properties>
  <testcase classname="ValoresTest" name="testDel" time="0.0" />
  <testcase classname="ValoresTest" name="testIns" time="0.0" />
  <testcase classname="ValoresTest" name="testSize" time="0.0" />
  <system-out><![CDATA[meu log: 2
meu log: 2
meu log: 2
meu log: 2
meu log: 2
meu log: 2
meu log: 2
meu log: 2
meu log: 2
meu log: 2
meu log: 2
meu log: 2
meu log: 2
meu log: 2
meu log: 2
meu log: 2
meu log: 2
meu log: 2
meu log: 2
meu log: 2
meu log: 2
meu log: 2
meu log: 2
meu log: 2
meu log: 2
meu log: 2
meu log: 2
meu log: 2
]]></system-out>
  <system-err><![CDATA[]]></system-err>
</testsuite>
